<?xml version="1.0" encoding="UTF-8"?>
<!-- Generated by org.testng.reporters.JUnitReportReporter -->
<testsuite skipped="0" hostname="CBT-MH-000" name="Api.Listallusers" tests="1" failures="0" timestamp="28 Oct 2019 10:36:13 GMT" time="1.616" errors="0">
  <testcase name="listusers" time="1.616" classname="Api.Listallusers"/>
</testsuite> <!-- Api.Listallusers -->
