<?xml version="1.0" encoding="UTF-8"?>
<!-- Generated by org.testng.reporters.JUnitReportReporter -->
<testsuite skipped="0" hostname="CBT-MH-000" name="Listallusers" tests="1" failures="0" timestamp="24 Oct 2019 11:11:17 GMT" time="2.270" errors="0">
  <testcase name="listusers" time="2.270" classname="Listallusers"/>
</testsuite> <!-- Listallusers -->
