<?xml version="1.0" encoding="UTF-8"?>
<!-- Generated by org.testng.reporters.JUnitReportReporter -->
<testsuite skipped="0" hostname="CBT-MH-000" name="Blockuser" tests="1" failures="0" timestamp="23 Oct 2019 05:59:27 GMT" time="4.799" errors="0">
  <testcase name="f" time="4.799" classname="Blockuser"/>
</testsuite> <!-- Blockuser -->
