<?xml version="1.0" encoding="UTF-8"?>
<!-- Generated by org.testng.reporters.JUnitReportReporter -->
<testsuite skipped="0" hostname="CBT-MH-000" name="Twittertrends" tests="1" failures="0" timestamp="24 Oct 2019 11:51:15 GMT" time="7.519" errors="0">
  <testcase name="updatetweets" time="7.519" classname="Twittertrends"/>
</testsuite> <!-- Twittertrends -->
