<?xml version="1.0" encoding="UTF-8"?>
<!-- Generated by org.testng.reporters.JUnitReportReporter -->
<testsuite skipped="0" hostname="CBT-MH-000" name="Api.Twitter" tests="1" failures="0" timestamp="28 Oct 2019 10:36:13 GMT" time="0.800" errors="0">
  <testcase name="getTweet" time="0.800" classname="Api.Twitter"/>
</testsuite> <!-- Api.Twitter -->
