<?xml version="1.0" encoding="UTF-8"?>
<!-- Generated by org.testng.reporters.JUnitReportReporter -->
<testsuite skipped="0" hostname="CBT-MH-000" name="Posttweet" tests="1" failures="0" timestamp="24 Oct 2019 11:50:07 GMT" time="6.685" errors="0">
  <testcase name="postTweet" time="6.685" classname="Posttweet"/>
</testsuite> <!-- Posttweet -->
