<?xml version="1.0" encoding="UTF-8"?>
<!-- Generated by org.testng.reporters.JUnitReportReporter -->
<testsuite skipped="0" hostname="CBT-MH-000" name="Api.Blockuser" tests="1" failures="0" timestamp="28 Oct 2019 11:36:03 GMT" time="5.245" errors="0">
  <testcase name="start" time="5.245" classname="Api.Blockuser"/>
</testsuite> <!-- Api.Blockuser -->
