<?xml version="1.0" encoding="UTF-8"?>
<!-- Generated by org.testng.reporters.JUnitReportReporter -->
<testsuite skipped="0" hostname="CBT-MH-000" name="Api.Retweet" tests="1" failures="0" timestamp="24 Oct 2019 13:01:32 GMT" time="5.889" errors="0">
  <testcase name="tweet" time="5.889" classname="Api.Retweet"/>
</testsuite> <!-- Api.Retweet -->
