<?xml version="1.0" encoding="UTF-8"?>
<!-- Generated by org.testng.reporters.JUnitReportReporter -->
<testsuite skipped="0" hostname="CBT-MH-000" name="Twitter" tests="1" failures="0" timestamp="24 Oct 2019 11:50:49 GMT" time="5.815" errors="0">
  <testcase name="gettweets" time="5.815" classname="Twitter"/>
</testsuite> <!-- Twitter -->
