<?xml version="1.0" encoding="UTF-8"?>
<!-- Generated by org.testng.reporters.JUnitReportReporter -->
<testsuite skipped="0" hostname="CBT-MH-000" name="Api.Posttweet" tests="1" failures="0" timestamp="29 Oct 2019 06:11:47 GMT" time="7.248" errors="0">
  <testcase name="postTweet" time="7.248" classname="Api.Posttweet"/>
</testsuite> <!-- Api.Posttweet -->
